2022-10-25 10:55:17,217 - basicLogger - INFO - Retrieving employee clockin at index 100
2022-10-25 10:55:18,291 - basicLogger - ERROR - Could not find employee id at index 100
2022-10-28 12:30:01,027 - basicLogger - INFO - Retrieving employee clockin at index 100
2022-10-28 12:30:02,219 - basicLogger - ERROR - Could not find employee id at index 100
2022-10-28 13:50:06,575 - basicLogger - INFO - Retrieving employee clockin at index 50
2022-10-28 13:50:07,704 - basicLogger - ERROR - Could not find employee id at index 50
2022-10-28 13:58:07,386 - basicLogger - INFO - Retrieving employee clockin at index 50
2022-10-28 14:01:02,825 - basicLogger - INFO - Retrieving employee clockin at index 50
2022-10-28 14:03:20,466 - basicLogger - INFO - Retrieving employee clockin at index 50
2022-10-28 14:06:54,862 - basicLogger - INFO - Retrieving employee clockin at index 50
2022-10-28 14:10:12,143 - basicLogger - INFO - Retrieving employee clockin at index 50
2022-10-28 14:10:50,081 - basicLogger - INFO - Retrieving employee clockin at index 100
2022-10-28 14:11:08,149 - basicLogger - INFO - Retrieving employee clockin at index 1000
2022-10-28 14:11:09,502 - basicLogger - ERROR - Could not find employee id at index 1000
2022-10-28 14:11:17,627 - basicLogger - INFO - Retrieving employee clockin at index 200
2022-10-28 14:11:18,979 - basicLogger - ERROR - Could not find employee id at index 200
2022-10-28 14:11:26,440 - basicLogger - INFO - Retrieving employee clockin at index 150
2022-10-28 14:11:27,793 - basicLogger - ERROR - Could not find employee id at index 150
2022-10-28 14:11:33,999 - basicLogger - INFO - Retrieving employee clockin at index 149
2022-10-28 14:11:35,354 - basicLogger - ERROR - Could not find employee id at index 149
2022-10-28 14:11:44,634 - basicLogger - INFO - Retrieving employee clockin at index 101
2022-11-16 01:30:32,336 - basicLogger - INFO - Retrieving employee out at index 40
2022-11-16 01:30:33,342 - basicLogger - ERROR - Could not find employee out at index 40
2022-11-16 01:30:54,808 - basicLogger - INFO - Retrieving employee out at index 21
2022-11-16 01:30:55,820 - basicLogger - ERROR - Could not find employee out at index 21
2022-11-16 01:31:10,933 - basicLogger - INFO - Retrieving employee clockin at index 40
2022-11-16 01:31:11,936 - basicLogger - ERROR - Could not find employee-clockin at index 40
2022-11-16 01:33:22,387 - basicLogger - INFO - Retrieving employee clock-out at index 43
2022-11-16 01:33:23,392 - basicLogger - ERROR - Could not find employee out at index 43
2022-11-16 01:34:58,914 - basicLogger - INFO - Retrieving employee clockin at index 2
2022-11-16 01:34:59,919 - basicLogger - ERROR - Could not find employee-clockin at index 2
2022-11-16 01:44:48,081 - basicLogger - INFO - Retrieving employee clock-out at index 1
2022-11-16 01:44:49,086 - basicLogger - ERROR - Could not find employee clock-out out at index 1
2022-11-16 01:45:13,336 - basicLogger - INFO - Retrieving employee clockin at index 1
2022-11-16 01:45:14,342 - basicLogger - ERROR - Could not find employee-clockin at index 1
2022-11-16 01:52:26,162 - basicLogger - INFO - Retrieving employee clockin at index 1
2022-11-16 01:52:27,165 - basicLogger - ERROR - Could not find employee-clockin at index 1
2022-11-16 01:52:38,938 - basicLogger - INFO - Retrieving employee clockin at index 50
2022-11-16 01:52:39,941 - basicLogger - ERROR - Could not find employee-clockin at index 50
2022-11-16 01:55:51,496 - basicLogger - INFO - Retrieving employee clockin at index 1
2022-11-16 01:55:52,500 - basicLogger - ERROR - No more messages found
2022-11-16 01:55:52,500 - basicLogger - ERROR - Could not find employee-clockin at index 1
2022-11-16 01:56:32,167 - basicLogger - INFO - Retrieving employee clockin at index 1
2022-11-16 01:56:33,173 - basicLogger - ERROR - No more messages found
2022-11-16 01:56:33,173 - basicLogger - ERROR - Could not find employee-clockin at index 1
